ultra_hybrid_enhanced.c:20:9: warning: "_GNU_SOURCE" redefined
   20 | #define _GNU_SOURCE  // Required for CPU affinity functions (sched_setaffinity, etc.)
      |         ^~~~~~~~~~~
<command-line>: note: this is the location of the previous definition
ultra_hybrid_enhanced.c: In function ‘memcpy_auto’:
ultra_hybrid_enhanced.c:301:13: warning: AVX vector return without AVX enabled changes the ABI [-Wpsabi]
  301 |             _mm256_stream_si256(d256, _mm256_load_si256(s256));
      |             ^~~~~~~~~~~~~~~~~~~~~~~~~~~~~~~~~~~~~~~~~~~~~~~~~~
In file included from /usr/lib/gcc/x86_64-linux-gnu/14/include/immintrin.h:43,
                 from /usr/lib/gcc/x86_64-linux-gnu/14/include/x86intrin.h:32,
                 from ultra_hybrid_enhanced.c:41:
/usr/lib/gcc/x86_64-linux-gnu/14/include/avxintrin.h:1015:1: error: inlining failed in call to ‘always_inline’ ‘_mm256_stream_si256’: target specific option mismatch
 1015 | _mm256_stream_si256 (__m256i *__A, __m256i __B)
      | ^~~~~~~~~~~~~~~~~~~
ultra_hybrid_enhanced.c:302:13: note: called from here
  302 |             _mm256_stream_si256(d256 + 1, _mm256_load_si256(s256 + 1));
      |             ^~~~~~~~~~~~~~~~~~~~~~~~~~~~~~~~~~~~~~~~~~~~~~~~~~~~~~~~~~
/usr/lib/gcc/x86_64-linux-gnu/14/include/avxintrin.h:915:1: error: inlining failed in call to ‘always_inline’ ‘_mm256_load_si256’: target specific option mismatch
  915 | _mm256_load_si256 (__m256i const *__P)
      | ^~~~~~~~~~~~~~~~~
ultra_hybrid_enhanced.c:302:13: note: called from here
  302 |             _mm256_stream_si256(d256 + 1, _mm256_load_si256(s256 + 1));
      |             ^~~~~~~~~~~~~~~~~~~~~~~~~~~~~~~~~~~~~~~~~~~~~~~~~~~~~~~~~~
/usr/lib/gcc/x86_64-linux-gnu/14/include/avxintrin.h:1015:1: error: inlining failed in call to ‘always_inline’ ‘_mm256_stream_si256’: target specific option mismatch
 1015 | _mm256_stream_si256 (__m256i *__A, __m256i __B)
      | ^~~~~~~~~~~~~~~~~~~
ultra_hybrid_enhanced.c:301:13: note: called from here
  301 |             _mm256_stream_si256(d256, _mm256_load_si256(s256));
      |             ^~~~~~~~~~~~~~~~~~~~~~~~~~~~~~~~~~~~~~~~~~~~~~~~~~
/usr/lib/gcc/x86_64-linux-gnu/14/include/avxintrin.h:915:1: error: inlining failed in call to ‘always_inline’ ‘_mm256_load_si256’: target specific option mismatch
  915 | _mm256_load_si256 (__m256i const *__P)
      | ^~~~~~~~~~~~~~~~~
ultra_hybrid_enhanced.c:301:13: note: called from here
  301 |             _mm256_stream_si256(d256, _mm256_load_si256(s256));
      |             ^~~~~~~~~~~~~~~~~~~~~~~~~~~~~~~~~~~~~~~~~~~~~~~~~~
/usr/lib/gcc/x86_64-linux-gnu/14/include/avxintrin.h:1015:1: error: inlining failed in call to ‘always_inline’ ‘_mm256_stream_si256’: target specific option mismatch
 1015 | _mm256_stream_si256 (__m256i *__A, __m256i __B)
      | ^~~~~~~~~~~~~~~~~~~
ultra_hybrid_enhanced.c:322:13: note: called from here
  322 |             _mm256_stream_si256(d + i, _mm256_load_si256(s + i));
      |             ^~~~~~~~~~~~~~~~~~~~~~~~~~~~~~~~~~~~~~~~~~~~~~~~~~~~
/usr/lib/gcc/x86_64-linux-gnu/14/include/avxintrin.h:915:1: error: inlining failed in call to ‘always_inline’ ‘_mm256_load_si256’: target specific option mismatch
  915 | _mm256_load_si256 (__m256i const *__P)
      | ^~~~~~~~~~~~~~~~~
ultra_hybrid_enhanced.c:322:13: note: called from here
  322 |             _mm256_stream_si256(d + i, _mm256_load_si256(s + i));
      |             ^~~~~~~~~~~~~~~~~~~~~~~~~~~~~~~~~~~~~~~~~~~~~~~~~~~~
ultra_hybrid_enhanced.c:20:9: warning: "_GNU_SOURCE" redefined
   20 | #define _GNU_SOURCE  // Required for CPU affinity functions (sched_setaffinity, etc.)
      |         ^~~~~~~~~~~
<command-line>: note: this is the location of the previous definition
ultra_hybrid_enhanced.c: In function ‘memcpy_auto’:
ultra_hybrid_enhanced.c:301:13: warning: AVX vector return without AVX enabled changes the ABI [-Wpsabi]
  301 |             _mm256_stream_si256(d256, _mm256_load_si256(s256));
      |             ^~~~~~~~~~~~~~~~~~~~~~~~~~~~~~~~~~~~~~~~~~~~~~~~~~
In file included from /usr/lib/gcc/x86_64-linux-gnu/14/include/immintrin.h:39,
                 from /usr/lib/gcc/x86_64-linux-gnu/14/include/x86intrin.h:32,
                 from ultra_hybrid_enhanced.c:41:
/usr/lib/gcc/x86_64-linux-gnu/14/include/smmintrin.h: In function ‘crc32c_parallel_enhanced’:
/usr/lib/gcc/x86_64-linux-gnu/14/include/smmintrin.h:822:1: error: inlining failed in call to ‘always_inline’ ‘_mm_crc32_u8’: target specific option mismatch
  822 | _mm_crc32_u8 (unsigned int __C, unsigned char __V)
      | ^~~~~~~~~~~~
ultra_hybrid_enhanced.c:350:19: note: called from here
  350 |             crc = _mm_crc32_u8(crc, data[i]);
      |                   ^~~~~~~~~~~~~~~~~~~~~~~~~~
/usr/lib/gcc/x86_64-linux-gnu/14/include/smmintrin.h:841:1: error: inlining failed in call to ‘always_inline’ ‘_mm_crc32_u64’: target specific option mismatch
  841 | _mm_crc32_u64 (unsigned long long __C, unsigned long long __V)
      | ^~~~~~~~~~~~~
ultra_hybrid_enhanced.c:368:26: note: called from here
  368 |             crc[chunk] = _mm_crc32_u64(crc[chunk], ptr[i]);
      |                          ^~~~~~~~~~~~~~~~~~~~~~~~~~~~~~~~~
/usr/lib/gcc/x86_64-linux-gnu/14/include/smmintrin.h:822:1: error: inlining failed in call to ‘always_inline’ ‘_mm_crc32_u8’: target specific option mismatch
  822 | _mm_crc32_u8 (unsigned int __C, unsigned char __V)
      | ^~~~~~~~~~~~
ultra_hybrid_enhanced.c:374:26: note: called from here
  374 |             crc[chunk] = _mm_crc32_u8(crc[chunk], data[offset + i]);
      |                          ^~~~~~~~~~~~~~~~~~~~~~~~~~~~~~~~~~~~~~~~~~
/usr/lib/gcc/x86_64-linux-gnu/14/include/smmintrin.h:822:1: error: inlining failed in call to ‘always_inline’ ‘_mm_crc32_u8’: target specific option mismatch
  822 | _mm_crc32_u8 (unsigned int __C, unsigned char __V)
      | ^~~~~~~~~~~~
ultra_hybrid_enhanced.c:389:21: note: called from here
  389 |         final_crc = _mm_crc32_u8(final_crc, data[i]);
      |                     ^~~~~~~~~~~~~~~~~~~~~~~~~~~~~~~~
rm -f *.o *.so *.a
rm -f director_agent project_orchestrator architect_agent agent_coordination test_agents
rm -f compatibility_layer.c
rm -f *.gcno *.gcda *.gcov coverage.info
rm -rf coverage_html
rm -f perf.data*
gcc -Wall -Wextra -O3 -std=c11 -D_GNU_SOURCE -fPIC -I. -c director_agent.c -o director_agent.o
gcc -Wall -Wextra -O3 -std=c11 -D_GNU_SOURCE -fPIC -I. -c project_orchestrator.c -o project_orchestrator.o
gcc -Wall -Wextra -O3 -std=c11 -D_GNU_SOURCE -fPIC -I. -c architect_agent.c -o architect_agent.o
project_orchestrator.c:18:9: warning: "_GNU_SOURCE" redefined
   18 | #define _GNU_SOURCE
      |         ^~~~~~~~~~~
<command-line>: note: this is the location of the previous definition
architect_agent.c:18:9: warning: "_GNU_SOURCE" redefined
   18 | #define _GNU_SOURCE
      |         ^~~~~~~~~~~
<command-line>: note: this is the location of the previous definition
gcc -Wall -Wextra -O3 -std=c11 -D_GNU_SOURCE -fPIC -I. -c agent_coordination.c -o agent_coordination.o
In file included from project_orchestrator.c:30:
compatibility_layer.h: In function ‘nas_get_stats’:
compatibility_layer.h:80:5: warning: this ‘if’ clause does not guard... [-Wmisleading-indentation]
   80 |     if(arch) *arch = 100; if(fitness) *fitness = 0.95; if(gen) *gen = 10;
      |     ^~
compatibility_layer.h:80:27: note: ...this statement, but the latter is misleadingly indented as if it were guarded by the ‘if’
   80 |     if(arch) *arch = 100; if(fitness) *fitness = 0.95; if(gen) *gen = 10;
      |                           ^~
compatibility_layer.h: In function ‘digital_twin_get_stats’:
compatibility_layer.h:88:5: warning: this ‘if’ clause does not guard... [-Wmisleading-indentation]
   88 |     if(syncs) *syncs = 1000; if(latency) *latency = 5.0; if(pred) *pred = 500; if(anom) *anom = 2;
      |     ^~
compatibility_layer.h:88:30: note: ...this statement, but the latter is misleadingly indented as if it were guarded by the ‘if’
   88 |     if(syncs) *syncs = 1000; if(latency) *latency = 5.0; if(pred) *pred = 500; if(anom) *anom = 2;
      |                              ^~
agent_coordination.c:16:9: warning: "_GNU_SOURCE" redefined
   16 | #define _GNU_SOURCE
      |         ^~~~~~~~~~~
<command-line>: note: this is the location of the previous definition
In file included from director_agent.c:29:
compatibility_layer.h: In function ‘nas_get_stats’:
compatibility_layer.h:80:5: warning: this ‘if’ clause does not guard... [-Wmisleading-indentation]
   80 |     if(arch) *arch = 100; if(fitness) *fitness = 0.95; if(gen) *gen = 10;
      |     ^~
compatibility_layer.h:80:27: note: ...this statement, but the latter is misleadingly indented as if it were guarded by the ‘if’
   80 |     if(arch) *arch = 100; if(fitness) *fitness = 0.95; if(gen) *gen = 10;
      |                           ^~
compatibility_layer.h: In function ‘digital_twin_get_stats’:
compatibility_layer.h:88:5: warning: this ‘if’ clause does not guard... [-Wmisleading-indentation]
   88 |     if(syncs) *syncs = 1000; if(latency) *latency = 5.0; if(pred) *pred = 500; if(anom) *anom = 2;
      |     ^~
compatibility_layer.h:88:30: note: ...this statement, but the latter is misleadingly indented as if it were guarded by the ‘if’
   88 |     if(syncs) *syncs = 1000; if(latency) *latency = 5.0; if(pred) *pred = 500; if(anom) *anom = 2;
      |                              ^~
In file included from architect_agent.c:33:
compatibility_layer.h: In function ‘nas_get_stats’:
compatibility_layer.h:80:5: warning: this ‘if’ clause does not guard... [-Wmisleading-indentation]
   80 |     if(arch) *arch = 100; if(fitness) *fitness = 0.95; if(gen) *gen = 10;
      |     ^~
compatibility_layer.h:80:27: note: ...this statement, but the latter is misleadingly indented as if it were guarded by the ‘if’
   80 |     if(arch) *arch = 100; if(fitness) *fitness = 0.95; if(gen) *gen = 10;
      |                           ^~
compatibility_layer.h: In function ‘digital_twin_get_stats’:
compatibility_layer.h:88:5: warning: this ‘if’ clause does not guard... [-Wmisleading-indentation]
   88 |     if(syncs) *syncs = 1000; if(latency) *latency = 5.0; if(pred) *pred = 500; if(anom) *anom = 2;
      |     ^~
compatibility_layer.h:88:30: note: ...this statement, but the latter is misleadingly indented as if it were guarded by the ‘if’
   88 |     if(syncs) *syncs = 1000; if(latency) *latency = 5.0; if(pred) *pred = 500; if(anom) *anom = 2;
      |                              ^~
project_orchestrator.c: In function ‘add_workflow_task’:
project_orchestrator.c:804:31: error: ‘strategy’ undeclared (first use in this function)
  804 |     task->can_run_parallel = (strategy == STRATEGY_PARALLEL_UNLIMITED ||
      |                               ^~~~~~~~
project_orchestrator.c:804:31: note: each undeclared identifier is reported only once for each function it appears in
In file included from agent_coordination.c:31:
compatibility_layer.h: In function ‘nas_get_stats’:
compatibility_layer.h:80:5: warning: this ‘if’ clause does not guard... [-Wmisleading-indentation]
   80 |     if(arch) *arch = 100; if(fitness) *fitness = 0.95; if(gen) *gen = 10;
      |     ^~
compatibility_layer.h:80:27: note: ...this statement, but the latter is misleadingly indented as if it were guarded by the ‘if’
   80 |     if(arch) *arch = 100; if(fitness) *fitness = 0.95; if(gen) *gen = 10;
      |                           ^~
compatibility_layer.h: In function ‘digital_twin_get_stats’:
compatibility_layer.h:88:5: warning: this ‘if’ clause does not guard... [-Wmisleading-indentation]
   88 |     if(syncs) *syncs = 1000; if(latency) *latency = 5.0; if(pred) *pred = 500; if(anom) *anom = 2;
      |     ^~
compatibility_layer.h:88:30: note: ...this statement, but the latter is misleadingly indented as if it were guarded by the ‘if’
   88 |     if(syncs) *syncs = 1000; if(latency) *latency = 5.0; if(pred) *pred = 500; if(anom) *anom = 2;
      |                              ^~
agent_coordination.c: In function ‘find_best_agent_for_task’:
agent_coordination.c:368:37: error: implicit declaration of function ‘fmaxf’ [-Wimplicit-function-declaration]
  368 |                 float queue_score = fmaxf(0.0f, (20.0f - entry->queue_depth) / 20.0f);
      |                                     ^~~~~
agent_coordination.c:35:1: note: include ‘<math.h>’ or provide a declaration of ‘fmaxf’
   34 | #include <signal.h>
  +++ |+#include <math.h>
   35 | 
agent_coordination.c:368:37: warning: incompatible implicit declaration of built-in function ‘fmaxf’ [-Wbuiltin-declaration-mismatch]
  368 |                 float queue_score = fmaxf(0.0f, (20.0f - entry->queue_depth) / 20.0f);
      |                                     ^~~~~
agent_coordination.c:368:37: note: include ‘<math.h>’ or provide a declaration of ‘fmaxf’
agent_coordination.c: In function ‘process_message’:
agent_coordination.c:468:46: error: implicit declaration of function ‘delegate_task_to_agent’ [-Wimplicit-function-declaration]
  468 |                     uint32_t delegation_id = delegate_task_to_agent(
      |                                              ^~~~~~~~~~~~~~~~~~~~~~
agent_coordination.c:488:21: error: implicit declaration of function ‘complete_task_delegation’ [-Wimplicit-function-declaration]
  488 |                     complete_task_delegation(delegation_id, 0, (char*)(msg->payload + 4));
      |                     ^~~~~~~~~~~~~~~~~~~~~~~~
agent_coordination.c: At top level:
agent_coordination.c:578:10: error: conflicting types for ‘delegate_task_to_agent’; have ‘uint32_t(uint32_t,  uint32_t,  const char *, const char *, const char *, uint32_t)’ {aka ‘unsigned int(unsigned int,  unsigned int,  const char *, const char *, const char *, unsigned int)’}
  578 | uint32_t delegate_task_to_agent(uint32_t source_agent_id, uint32_t target_agent_id,
      |          ^~~~~~~~~~~~~~~~~~~~~~
agent_coordination.c:468:46: note: previous implicit declaration of ‘delegate_task_to_agent’ with type ‘int()’
  468 |                     uint32_t delegation_id = delegate_task_to_agent(
      |                                              ^~~~~~~~~~~~~~~~~~~~~~
make: *** [Makefile:51: project_orchestrator.o] Error 1
make: *** Waiting for unfinished jobs....
make: *** [Makefile:51: agent_coordination.o] Error 1
Traceback (most recent call last):
  File "<string>", line 1, in <module>
  File "/home/ubuntu/Documents/Claude/agents/src/python/ENHANCED_AGENT_INTEGRATION.py", line 14, in <module>
    import networkx as nx
ModuleNotFoundError: No module named 'networkx'
Named volume "prometheus_data:/prometheus:rw" is used in service "prometheus" but no declaration was found in the volumes section.
Thu Aug 14 11:55:37 UTC 2025: Binary system ready for transition
ultra_hybrid_enhanced.c:20:9: warning: "_GNU_SOURCE" redefined
   20 | #define _GNU_SOURCE  // Required for CPU affinity functions (sched_setaffinity, etc.)
      |         ^~~~~~~~~~~
<command-line>: note: this is the location of the previous definition
ultra_hybrid_enhanced.c: In function ‘memcpy_auto’:
ultra_hybrid_enhanced.c:301:13: warning: AVX vector return without AVX enabled changes the ABI [-Wpsabi]
  301 |             _mm256_stream_si256(d256, _mm256_load_si256(s256));
      |             ^~~~~~~~~~~~~~~~~~~~~~~~~~~~~~~~~~~~~~~~~~~~~~~~~~
In file included from /usr/lib/gcc/x86_64-linux-gnu/14/include/immintrin.h:43,
                 from /usr/lib/gcc/x86_64-linux-gnu/14/include/x86intrin.h:32,
                 from ultra_hybrid_enhanced.c:41:
/usr/lib/gcc/x86_64-linux-gnu/14/include/avxintrin.h:1015:1: error: inlining failed in call to ‘always_inline’ ‘_mm256_stream_si256’: target specific option mismatch
 1015 | _mm256_stream_si256 (__m256i *__A, __m256i __B)
      | ^~~~~~~~~~~~~~~~~~~
ultra_hybrid_enhanced.c:302:13: note: called from here
  302 |             _mm256_stream_si256(d256 + 1, _mm256_load_si256(s256 + 1));
      |             ^~~~~~~~~~~~~~~~~~~~~~~~~~~~~~~~~~~~~~~~~~~~~~~~~~~~~~~~~~
/usr/lib/gcc/x86_64-linux-gnu/14/include/avxintrin.h:915:1: error: inlining failed in call to ‘always_inline’ ‘_mm256_load_si256’: target specific option mismatch
  915 | _mm256_load_si256 (__m256i const *__P)
      | ^~~~~~~~~~~~~~~~~
ultra_hybrid_enhanced.c:302:13: note: called from here
  302 |             _mm256_stream_si256(d256 + 1, _mm256_load_si256(s256 + 1));
      |             ^~~~~~~~~~~~~~~~~~~~~~~~~~~~~~~~~~~~~~~~~~~~~~~~~~~~~~~~~~
/usr/lib/gcc/x86_64-linux-gnu/14/include/avxintrin.h:1015:1: error: inlining failed in call to ‘always_inline’ ‘_mm256_stream_si256’: target specific option mismatch
 1015 | _mm256_stream_si256 (__m256i *__A, __m256i __B)
      | ^~~~~~~~~~~~~~~~~~~
ultra_hybrid_enhanced.c:301:13: note: called from here
  301 |             _mm256_stream_si256(d256, _mm256_load_si256(s256));
      |             ^~~~~~~~~~~~~~~~~~~~~~~~~~~~~~~~~~~~~~~~~~~~~~~~~~
/usr/lib/gcc/x86_64-linux-gnu/14/include/avxintrin.h:915:1: error: inlining failed in call to ‘always_inline’ ‘_mm256_load_si256’: target specific option mismatch
  915 | _mm256_load_si256 (__m256i const *__P)
      | ^~~~~~~~~~~~~~~~~
ultra_hybrid_enhanced.c:301:13: note: called from here
  301 |             _mm256_stream_si256(d256, _mm256_load_si256(s256));
      |             ^~~~~~~~~~~~~~~~~~~~~~~~~~~~~~~~~~~~~~~~~~~~~~~~~~
/usr/lib/gcc/x86_64-linux-gnu/14/include/avxintrin.h:1015:1: error: inlining failed in call to ‘always_inline’ ‘_mm256_stream_si256’: target specific option mismatch
 1015 | _mm256_stream_si256 (__m256i *__A, __m256i __B)
      | ^~~~~~~~~~~~~~~~~~~
ultra_hybrid_enhanced.c:322:13: note: called from here
  322 |             _mm256_stream_si256(d + i, _mm256_load_si256(s + i));
      |             ^~~~~~~~~~~~~~~~~~~~~~~~~~~~~~~~~~~~~~~~~~~~~~~~~~~~
/usr/lib/gcc/x86_64-linux-gnu/14/include/avxintrin.h:915:1: error: inlining failed in call to ‘always_inline’ ‘_mm256_load_si256’: target specific option mismatch
  915 | _mm256_load_si256 (__m256i const *__P)
      | ^~~~~~~~~~~~~~~~~
ultra_hybrid_enhanced.c:322:13: note: called from here
  322 |             _mm256_stream_si256(d + i, _mm256_load_si256(s + i));
      |             ^~~~~~~~~~~~~~~~~~~~~~~~~~~~~~~~~~~~~~~~~~~~~~~~~~~~
ultra_hybrid_enhanced.c:20:9: warning: "_GNU_SOURCE" redefined
   20 | #define _GNU_SOURCE  // Required for CPU affinity functions (sched_setaffinity, etc.)
      |         ^~~~~~~~~~~
<command-line>: note: this is the location of the previous definition
ultra_hybrid_enhanced.c: In function ‘memcpy_auto’:
ultra_hybrid_enhanced.c:301:13: warning: AVX vector return without AVX enabled changes the ABI [-Wpsabi]
  301 |             _mm256_stream_si256(d256, _mm256_load_si256(s256));
      |             ^~~~~~~~~~~~~~~~~~~~~~~~~~~~~~~~~~~~~~~~~~~~~~~~~~
In file included from /usr/lib/gcc/x86_64-linux-gnu/14/include/immintrin.h:39,
                 from /usr/lib/gcc/x86_64-linux-gnu/14/include/x86intrin.h:32,
                 from ultra_hybrid_enhanced.c:41:
/usr/lib/gcc/x86_64-linux-gnu/14/include/smmintrin.h: In function ‘crc32c_parallel_enhanced’:
/usr/lib/gcc/x86_64-linux-gnu/14/include/smmintrin.h:822:1: error: inlining failed in call to ‘always_inline’ ‘_mm_crc32_u8’: target specific option mismatch
  822 | _mm_crc32_u8 (unsigned int __C, unsigned char __V)
      | ^~~~~~~~~~~~
ultra_hybrid_enhanced.c:350:19: note: called from here
  350 |             crc = _mm_crc32_u8(crc, data[i]);
      |                   ^~~~~~~~~~~~~~~~~~~~~~~~~~
/usr/lib/gcc/x86_64-linux-gnu/14/include/smmintrin.h:841:1: error: inlining failed in call to ‘always_inline’ ‘_mm_crc32_u64’: target specific option mismatch
  841 | _mm_crc32_u64 (unsigned long long __C, unsigned long long __V)
      | ^~~~~~~~~~~~~
ultra_hybrid_enhanced.c:368:26: note: called from here
  368 |             crc[chunk] = _mm_crc32_u64(crc[chunk], ptr[i]);
      |                          ^~~~~~~~~~~~~~~~~~~~~~~~~~~~~~~~~
/usr/lib/gcc/x86_64-linux-gnu/14/include/smmintrin.h:822:1: error: inlining failed in call to ‘always_inline’ ‘_mm_crc32_u8’: target specific option mismatch
  822 | _mm_crc32_u8 (unsigned int __C, unsigned char __V)
      | ^~~~~~~~~~~~
ultra_hybrid_enhanced.c:374:26: note: called from here
  374 |             crc[chunk] = _mm_crc32_u8(crc[chunk], data[offset + i]);
      |                          ^~~~~~~~~~~~~~~~~~~~~~~~~~~~~~~~~~~~~~~~~~
/usr/lib/gcc/x86_64-linux-gnu/14/include/smmintrin.h:822:1: error: inlining failed in call to ‘always_inline’ ‘_mm_crc32_u8’: target specific option mismatch
  822 | _mm_crc32_u8 (unsigned int __C, unsigned char __V)
      | ^~~~~~~~~~~~
ultra_hybrid_enhanced.c:389:21: note: called from here
  389 |         final_crc = _mm_crc32_u8(final_crc, data[i]);
      |                     ^~~~~~~~~~~~~~~~~~~~~~~~~~~~~~~~
rm -f *.o *.so *.a
rm -f director_agent project_orchestrator architect_agent agent_coordination test_agents
rm -f compatibility_layer.c
rm -f *.gcno *.gcda *.gcov coverage.info
rm -rf coverage_html
rm -f perf.data*
gcc -Wall -Wextra -O3 -std=c11 -D_GNU_SOURCE -fPIC -I. -c director_agent.c -o director_agent.o
gcc -Wall -Wextra -O3 -std=c11 -D_GNU_SOURCE -fPIC -I. -c project_orchestrator.c -o project_orchestrator.o
gcc -Wall -Wextra -O3 -std=c11 -D_GNU_SOURCE -fPIC -I. -c architect_agent.c -o architect_agent.o
project_orchestrator.c:18:9: warning: "_GNU_SOURCE" redefined
   18 | #define _GNU_SOURCE
      |         ^~~~~~~~~~~
<command-line>: note: this is the location of the previous definition
architect_agent.c:18:9: warning: "_GNU_SOURCE" redefined
   18 | #define _GNU_SOURCE
      |         ^~~~~~~~~~~
<command-line>: note: this is the location of the previous definition
gcc -Wall -Wextra -O3 -std=c11 -D_GNU_SOURCE -fPIC -I. -c agent_coordination.c -o agent_coordination.o
In file included from project_orchestrator.c:30:
compatibility_layer.h: In function ‘nas_get_stats’:
compatibility_layer.h:80:5: warning: this ‘if’ clause does not guard... [-Wmisleading-indentation]
   80 |     if(arch) *arch = 100; if(fitness) *fitness = 0.95; if(gen) *gen = 10;
      |     ^~
compatibility_layer.h:80:27: note: ...this statement, but the latter is misleadingly indented as if it were guarded by the ‘if’
   80 |     if(arch) *arch = 100; if(fitness) *fitness = 0.95; if(gen) *gen = 10;
      |                           ^~
compatibility_layer.h: In function ‘digital_twin_get_stats’:
compatibility_layer.h:88:5: warning: this ‘if’ clause does not guard... [-Wmisleading-indentation]
   88 |     if(syncs) *syncs = 1000; if(latency) *latency = 5.0; if(pred) *pred = 500; if(anom) *anom = 2;
      |     ^~
compatibility_layer.h:88:30: note: ...this statement, but the latter is misleadingly indented as if it were guarded by the ‘if’
   88 |     if(syncs) *syncs = 1000; if(latency) *latency = 5.0; if(pred) *pred = 500; if(anom) *anom = 2;
      |                              ^~
In file included from director_agent.c:29:
compatibility_layer.h: In function ‘nas_get_stats’:
compatibility_layer.h:80:5: warning: this ‘if’ clause does not guard... [-Wmisleading-indentation]
   80 |     if(arch) *arch = 100; if(fitness) *fitness = 0.95; if(gen) *gen = 10;
      |     ^~
compatibility_layer.h:80:27: note: ...this statement, but the latter is misleadingly indented as if it were guarded by the ‘if’
   80 |     if(arch) *arch = 100; if(fitness) *fitness = 0.95; if(gen) *gen = 10;
      |                           ^~
compatibility_layer.h: In function ‘digital_twin_get_stats’:
compatibility_layer.h:88:5: warning: this ‘if’ clause does not guard... [-Wmisleading-indentation]
   88 |     if(syncs) *syncs = 1000; if(latency) *latency = 5.0; if(pred) *pred = 500; if(anom) *anom = 2;
      |     ^~
compatibility_layer.h:88:30: note: ...this statement, but the latter is misleadingly indented as if it were guarded by the ‘if’
   88 |     if(syncs) *syncs = 1000; if(latency) *latency = 5.0; if(pred) *pred = 500; if(anom) *anom = 2;
      |                              ^~
agent_coordination.c:16:9: warning: "_GNU_SOURCE" redefined
   16 | #define _GNU_SOURCE
      |         ^~~~~~~~~~~
<command-line>: note: this is the location of the previous definition
project_orchestrator.c: In function ‘add_workflow_task’:
project_orchestrator.c:804:31: error: ‘strategy’ undeclared (first use in this function)
  804 |     task->can_run_parallel = (strategy == STRATEGY_PARALLEL_UNLIMITED ||
      |                               ^~~~~~~~
project_orchestrator.c:804:31: note: each undeclared identifier is reported only once for each function it appears in
In file included from agent_coordination.c:31:
compatibility_layer.h: In function ‘nas_get_stats’:
compatibility_layer.h:80:5: warning: this ‘if’ clause does not guard... [-Wmisleading-indentation]
   80 |     if(arch) *arch = 100; if(fitness) *fitness = 0.95; if(gen) *gen = 10;
      |     ^~
compatibility_layer.h:80:27: note: ...this statement, but the latter is misleadingly indented as if it were guarded by the ‘if’
   80 |     if(arch) *arch = 100; if(fitness) *fitness = 0.95; if(gen) *gen = 10;
      |                           ^~
compatibility_layer.h: In function ‘digital_twin_get_stats’:
compatibility_layer.h:88:5: warning: this ‘if’ clause does not guard... [-Wmisleading-indentation]
   88 |     if(syncs) *syncs = 1000; if(latency) *latency = 5.0; if(pred) *pred = 500; if(anom) *anom = 2;
      |     ^~
compatibility_layer.h:88:30: note: ...this statement, but the latter is misleadingly indented as if it were guarded by the ‘if’
   88 |     if(syncs) *syncs = 1000; if(latency) *latency = 5.0; if(pred) *pred = 500; if(anom) *anom = 2;
      |                              ^~
agent_coordination.c: In function ‘find_best_agent_for_task’:
agent_coordination.c:368:37: error: implicit declaration of function ‘fmaxf’ [-Wimplicit-function-declaration]
  368 |                 float queue_score = fmaxf(0.0f, (20.0f - entry->queue_depth) / 20.0f);
      |                                     ^~~~~
agent_coordination.c:35:1: note: include ‘<math.h>’ or provide a declaration of ‘fmaxf’
   34 | #include <signal.h>
  +++ |+#include <math.h>
   35 | 
agent_coordination.c:368:37: warning: incompatible implicit declaration of built-in function ‘fmaxf’ [-Wbuiltin-declaration-mismatch]
  368 |                 float queue_score = fmaxf(0.0f, (20.0f - entry->queue_depth) / 20.0f);
      |                                     ^~~~~
agent_coordination.c:368:37: note: include ‘<math.h>’ or provide a declaration of ‘fmaxf’
agent_coordination.c: In function ‘process_message’:
agent_coordination.c:468:46: error: implicit declaration of function ‘delegate_task_to_agent’ [-Wimplicit-function-declaration]
  468 |                     uint32_t delegation_id = delegate_task_to_agent(
      |                                              ^~~~~~~~~~~~~~~~~~~~~~
make: *** [Makefile:51: project_orchestrator.o] Error 1
agent_coordination.c:488:21: error: implicit declaration of function ‘complete_task_delegation’ [-Wimplicit-function-declaration]
  488 |                     complete_task_delegation(delegation_id, 0, (char*)(msg->payload + 4));
      |                     ^~~~~~~~~~~~~~~~~~~~~~~~
make: *** Waiting for unfinished jobs....
agent_coordination.c: At top level:
agent_coordination.c:578:10: error: conflicting types for ‘delegate_task_to_agent’; have ‘uint32_t(uint32_t,  uint32_t,  const char *, const char *, const char *, uint32_t)’ {aka ‘unsigned int(unsigned int,  unsigned int,  const char *, const char *, const char *, unsigned int)’}
  578 | uint32_t delegate_task_to_agent(uint32_t source_agent_id, uint32_t target_agent_id,
      |          ^~~~~~~~~~~~~~~~~~~~~~
agent_coordination.c:468:46: note: previous implicit declaration of ‘delegate_task_to_agent’ with type ‘int()’
  468 |                     uint32_t delegation_id = delegate_task_to_agent(
      |                                              ^~~~~~~~~~~~~~~~~~~~~~
In file included from architect_agent.c:33:
compatibility_layer.h: In function ‘nas_get_stats’:
compatibility_layer.h:80:5: warning: this ‘if’ clause does not guard... [-Wmisleading-indentation]
   80 |     if(arch) *arch = 100; if(fitness) *fitness = 0.95; if(gen) *gen = 10;
      |     ^~
compatibility_layer.h:80:27: note: ...this statement, but the latter is misleadingly indented as if it were guarded by the ‘if’
   80 |     if(arch) *arch = 100; if(fitness) *fitness = 0.95; if(gen) *gen = 10;
      |                           ^~
compatibility_layer.h: In function ‘digital_twin_get_stats’:
compatibility_layer.h:88:5: warning: this ‘if’ clause does not guard... [-Wmisleading-indentation]
   88 |     if(syncs) *syncs = 1000; if(latency) *latency = 5.0; if(pred) *pred = 500; if(anom) *anom = 2;
      |     ^~
compatibility_layer.h:88:30: note: ...this statement, but the latter is misleadingly indented as if it were guarded by the ‘if’
   88 |     if(syncs) *syncs = 1000; if(latency) *latency = 5.0; if(pred) *pred = 500; if(anom) *anom = 2;
      |                              ^~
make: *** [Makefile:51: agent_coordination.o] Error 1
Traceback (most recent call last):
  File "<string>", line 1, in <module>
  File "/home/ubuntu/Documents/Claude/agents/src/python/ENHANCED_AGENT_INTEGRATION.py", line 14, in <module>
    import networkx as nx
ModuleNotFoundError: No module named 'networkx'
Named volume "prometheus_data:/prometheus:rw" is used in service "prometheus" but no declaration was found in the volumes section.
Thu Aug 14 11:58:56 UTC 2025: Binary system ready for transition
